<?xml version="1.0" encoding="utf-8"?><testsuite errors="0" failures="0" name="pytest" skipped="0" tests="3" time="7.486"><testcase classname="tests.api.test_cat_facts.TestAPI" file="tests/api/test_cat_facts.py" line="5" name="test_ta001_get_cat_facts" time="1.224"></testcase><testcase classname="tests.api.test_cat_facts.TestAPI" file="tests/api/test_cat_facts.py" line="24" name="test_ta002_get_multiple" time="0.282"></testcase><testcase classname="tests.ui.test_search.TestBooking" file="tests/ui/test_search.py" line="5" name="test_tb001_test_search_page" time="5.927"></testcase></testsuite>